[2022-08-05 11:23:00] [background-preinit] [INFO ] o.h.validator.internal.util.Version - HV000001: Hibernate Validator 6.2.3.Final
[2022-08-05 11:23:01] [main] [INFO ] c.a.basketball.BasketballApplication - Starting BasketballApplication using Java 18.0.2 on AAVN-WS-043 with PID 23176 (C:\Users\nvatu\IdeaProjects\basketballTeamManagement\target\classes started by nvatu in C:\Users\nvatu\IdeaProjects\basketballTeamManagement)
[2022-08-05 11:23:01] [main] [INFO ] c.a.basketball.BasketballApplication - No active profile set, falling back to 1 default profile: "default"
[2022-08-05 11:23:02] [main] [INFO ] o.s.d.r.c.RepositoryConfigurationDelegate - Bootstrapping Spring Data JPA repositories in DEFAULT mode.
[2022-08-05 11:23:03] [main] [INFO ] o.s.d.r.c.RepositoryConfigurationDelegate - Finished Spring Data repository scanning in 206 ms. Found 17 JPA repository interfaces.
[2022-08-05 11:23:04] [main] [INFO ] o.s.b.w.e.tomcat.TomcatWebServer - Tomcat initialized with port(s): 8080 (http)
[2022-08-05 11:23:04] [main] [INFO ] o.a.coyote.http11.Http11NioProtocol - Initializing ProtocolHandler ["http-nio-8080"]
[2022-08-05 11:23:04] [main] [INFO ] o.a.catalina.core.StandardService - Starting service [Tomcat]
[2022-08-05 11:23:04] [main] [INFO ] o.a.catalina.core.StandardEngine - Starting Servlet engine: [Apache Tomcat/9.0.63]
[2022-08-05 11:23:04] [main] [INFO ] o.a.c.c.C.[Tomcat].[localhost].[/] - Initializing Spring embedded WebApplicationContext
[2022-08-05 11:23:04] [main] [INFO ] o.s.b.w.s.c.ServletWebServerApplicationContext - Root WebApplicationContext: initialization completed in 3303 ms
[2022-08-05 11:23:04] [main] [INFO ] o.h.jpa.internal.util.LogHelper - HHH000204: Processing PersistenceUnitInfo [name: default]
[2022-08-05 11:23:04] [main] [INFO ] org.hibernate.Version - HHH000412: Hibernate ORM core version 5.6.9.Final
[2022-08-05 11:23:05] [main] [INFO ] o.h.annotations.common.Version - HCANN000001: Hibernate Commons Annotations {5.1.2.Final}
[2022-08-05 11:23:05] [main] [INFO ] com.zaxxer.hikari.HikariDataSource - HikariPool-1 - Starting...
[2022-08-05 11:23:05] [main] [INFO ] com.zaxxer.hikari.HikariDataSource - HikariPool-1 - Start completed.
[2022-08-05 11:23:05] [main] [INFO ] org.hibernate.dialect.Dialect - HHH000400: Using dialect: org.hibernate.dialect.PostgreSQL81Dialect
[2022-08-05 11:23:07] [main] [INFO ] o.h.e.t.j.p.i.JtaPlatformInitiator - HHH000490: Using JtaPlatform implementation: [org.hibernate.engine.transaction.jta.platform.internal.NoJtaPlatform]
[2022-08-05 11:23:07] [main] [INFO ] o.s.o.j.LocalContainerEntityManagerFactoryBean - Initialized JPA EntityManagerFactory for persistence unit 'default'
[2022-08-05 11:23:07] [main] [WARN ] o.s.b.a.o.j.JpaBaseConfiguration$JpaWebConfiguration - spring.jpa.open-in-view is enabled by default. Therefore, database queries may be performed during view rendering. Explicitly configure spring.jpa.open-in-view to disable this warning
[2022-08-05 11:23:09] [main] [INFO ] o.s.s.web.DefaultSecurityFilterChain - Will secure any request with [org.springframework.security.web.session.DisableEncodeUrlFilter@7e2f16bd, org.springframework.security.web.context.request.async.WebAsyncManagerIntegrationFilter@594fcb22, org.springframework.security.web.context.SecurityContextPersistenceFilter@7a6e0f3c, org.springframework.security.web.header.HeaderWriterFilter@1390a415, org.springframework.web.filter.CorsFilter@1399ad68, org.springframework.security.web.authentication.logout.LogoutFilter@431923ed, com.axonactive.basketball.security.config.AuthTokenFilter@548f4f60, org.springframework.security.web.savedrequest.RequestCacheAwareFilter@6fa2d0b2, org.springframework.security.web.servletapi.SecurityContextHolderAwareRequestFilter@1f7b8d59, org.springframework.security.web.authentication.AnonymousAuthenticationFilter@41c83af0, org.springframework.security.web.session.SessionManagementFilter@57df93c1, org.springframework.security.web.access.ExceptionTranslationFilter@46573cfe, org.springframework.security.web.access.intercept.FilterSecurityInterceptor@5749e633]
[2022-08-05 11:23:09] [main] [INFO ] o.a.coyote.http11.Http11NioProtocol - Starting ProtocolHandler ["http-nio-8080"]
[2022-08-05 11:23:09] [main] [INFO ] o.s.b.w.e.tomcat.TomcatWebServer - Tomcat started on port(s): 8080 (http) with context path ''
[2022-08-05 11:23:09] [main] [INFO ] c.a.basketball.BasketballApplication - Started BasketballApplication in 9.635 seconds (JVM running for 10.429)
[2022-08-05 11:23:13] [http-nio-8080-exec-1] [INFO ] o.a.c.c.C.[Tomcat].[localhost].[/] - Initializing Spring DispatcherServlet 'dispatcherServlet'
[2022-08-05 11:23:13] [http-nio-8080-exec-1] [INFO ] o.s.web.servlet.DispatcherServlet - Initializing Servlet 'dispatcherServlet'
[2022-08-05 11:23:13] [http-nio-8080-exec-1] [INFO ] o.s.web.servlet.DispatcherServlet - Completed initialization in 1 ms
[2022-08-05 17:33:20] [SpringApplicationShutdownHook] [INFO ] o.s.o.j.LocalContainerEntityManagerFactoryBean - Closing JPA EntityManagerFactory for persistence unit 'default'
[2022-08-05 17:33:20] [SpringApplicationShutdownHook] [INFO ] com.zaxxer.hikari.HikariDataSource - HikariPool-1 - Shutdown initiated...
[2022-08-05 17:33:20] [SpringApplicationShutdownHook] [INFO ] com.zaxxer.hikari.HikariDataSource - HikariPool-1 - Shutdown completed.
