[2022-07-24 20:00:00] [background-preinit] [INFO ] o.h.validator.internal.util.Version - HV000001: Hibernate Validator 6.2.3.Final
[2022-07-24 20:00:00] [main] [INFO ] c.a.b.s.impl.AgentServiceImplTest - Starting AgentServiceImplTest using Java 18.0.1.1 on Tu-Laptop with PID 23240 (started by ASUS in D:\Work\Projects\basketballTeamManagement)
[2022-07-24 20:00:00] [main] [INFO ] c.a.b.s.impl.AgentServiceImplTest - No active profile set, falling back to 1 default profile: "default"
[2022-07-24 20:00:01] [main] [INFO ] o.s.d.r.c.RepositoryConfigurationDelegate - Bootstrapping Spring Data JPA repositories in DEFAULT mode.
[2022-07-24 20:00:01] [main] [INFO ] o.s.d.r.c.RepositoryConfigurationDelegate - Finished Spring Data repository scanning in 175 ms. Found 17 JPA repository interfaces.
[2022-07-24 20:00:02] [main] [INFO ] o.h.jpa.internal.util.LogHelper - HHH000204: Processing PersistenceUnitInfo [name: default]
[2022-07-24 20:00:02] [main] [INFO ] org.hibernate.Version - HHH000412: Hibernate ORM core version 5.6.9.Final
[2022-07-24 20:00:02] [main] [INFO ] o.h.annotations.common.Version - HCANN000001: Hibernate Commons Annotations {5.1.2.Final}
[2022-07-24 20:00:03] [main] [INFO ] com.zaxxer.hikari.HikariDataSource - HikariPool-1 - Starting...
[2022-07-24 20:00:03] [main] [INFO ] com.zaxxer.hikari.HikariDataSource - HikariPool-1 - Start completed.
[2022-07-24 20:00:03] [main] [INFO ] org.hibernate.dialect.Dialect - HHH000400: Using dialect: org.hibernate.dialect.PostgreSQL81Dialect
[2022-07-24 20:00:05] [main] [INFO ] o.h.e.t.j.p.i.JtaPlatformInitiator - HHH000490: Using JtaPlatform implementation: [org.hibernate.engine.transaction.jta.platform.internal.NoJtaPlatform]
[2022-07-24 20:00:05] [main] [INFO ] o.s.o.j.LocalContainerEntityManagerFactoryBean - Initialized JPA EntityManagerFactory for persistence unit 'default'
[2022-07-24 20:00:06] [main] [WARN ] o.s.b.a.o.j.JpaBaseConfiguration$JpaWebConfiguration - spring.jpa.open-in-view is enabled by default. Therefore, database queries may be performed during view rendering. Explicitly configure spring.jpa.open-in-view to disable this warning
[2022-07-24 20:00:07] [main] [INFO ] o.s.s.web.DefaultSecurityFilterChain - Will secure any request with [org.springframework.security.web.session.DisableEncodeUrlFilter@a70daf4, org.springframework.security.web.context.request.async.WebAsyncManagerIntegrationFilter@6344004d, org.springframework.security.web.context.SecurityContextPersistenceFilter@90c01ab, org.springframework.security.web.header.HeaderWriterFilter@63b2418e, org.springframework.web.filter.CorsFilter@7611e295, org.springframework.security.web.authentication.logout.LogoutFilter@296949c8, com.axonactive.basketball.security.config.AuthTokenFilter@66acaa54, org.springframework.security.web.savedrequest.RequestCacheAwareFilter@36696821, org.springframework.security.web.servletapi.SecurityContextHolderAwareRequestFilter@6e4bccc, org.springframework.security.web.authentication.AnonymousAuthenticationFilter@6d40a2b, org.springframework.security.web.session.SessionManagementFilter@1e2bc241, org.springframework.security.web.access.ExceptionTranslationFilter@eb09112, org.springframework.security.web.access.intercept.FilterSecurityInterceptor@30a1b2ad]
[2022-07-24 20:00:08] [main] [INFO ] c.a.b.s.impl.AgentServiceImplTest - Started AgentServiceImplTest in 8.316 seconds (JVM running for 9.615)
[2022-07-24 20:00:08] [main] [ERROR] c.a.b.s.impl.AgentServiceImplTest - Error message
[2022-07-24 20:00:08] [main] [WARN ] c.a.b.s.impl.AgentServiceImplTest - Warn message
[2022-07-24 20:00:08] [main] [INFO ] c.a.b.s.impl.AgentServiceImplTest - Info message
[2022-07-24 20:00:08] [SpringApplicationShutdownHook] [INFO ] o.s.o.j.LocalContainerEntityManagerFactoryBean - Closing JPA EntityManagerFactory for persistence unit 'default'
[2022-07-24 20:00:08] [SpringApplicationShutdownHook] [INFO ] com.zaxxer.hikari.HikariDataSource - HikariPool-1 - Shutdown initiated...
[2022-07-24 20:00:08] [SpringApplicationShutdownHook] [INFO ] com.zaxxer.hikari.HikariDataSource - HikariPool-1 - Shutdown completed.
